# JRE version: OpenJDK Runtime Environment (8.0_302-b08) (build 1.8.0_302-b08)
# Java VM: OpenJDK 64-Bit Server VM (25.302-b08 mixed mode windows-amd64 compressed oops)
Heap:
 PSYoungGen      total 118272K, used 118112K [0x00000000f5580000, 0x0000000100000000, 0x0000000100000000)
  eden space 117248K, 100% used [0x00000000f5580000,0x00000000fc800000,0x00000000fc800000)
  from space 1024K, 84% used [0x00000000fc800000,0x00000000fc8d8000,0x00000000fc900000)
  to   space 29696K, 0% used [0x00000000fe300000,0x00000000fe300000,0x0000000100000000)
 ParOldGen       total 189440K, used 55195K [0x00000000e0000000, 0x00000000eb900000, 0x00000000f5580000)
  object space 189440K, 29% used [0x00000000e0000000,0x00000000e35e6f10,0x00000000eb900000)
 Metaspace       used 73339K, capacity 77061K, committed 77312K, reserved 1116160K
  class space    used 9835K, capacity 10638K, committed 10752K, reserved 1048576K
GC Heap History (10 events):
Event: 86.757 GC heap before
{Heap before GC invocations=20 (full 3):
 PSYoungGen      total 146944K, used 138647K [0x00000000f5580000, 0x0000000100000000, 0x0000000100000000)
  eden space 119296K, 100% used [0x00000000f5580000,0x00000000fca00000,0x00000000fca00000)
  from space 27648K, 69% used [0x00000000fe500000,0x00000000ff7e5c10,0x0000000100000000)
  to   space 27648K, 0% used [0x00000000fca00000,0x00000000fca00000,0x00000000fe500000)
 ParOldGen       total 189440K, used 37261K [0x00000000e0000000, 0x00000000eb900000, 0x00000000f5580000)
  object space 189440K, 19% used [0x00000000e0000000,0x00000000e2463718,0x00000000eb900000)
 Metaspace       used 73299K, capacity 77061K, committed 77312K, reserved 1116160K
  class space    used 9834K, capacity 10638K, committed 10752K, reserved 1048576K
Event: 86.813 GC heap after
Heap after GC invocations=20 (full 3):
 PSYoungGen      total 146944K, used 18062K [0x00000000f5580000, 0x0000000100000000, 0x0000000100000000)
  eden space 119296K, 0% used [0x00000000f5580000,0x00000000f5580000,0x00000000fca00000)
  from space 27648K, 65% used [0x00000000fca00000,0x00000000fdba3a78,0x00000000fe500000)
  to   space 27648K, 0% used [0x00000000fe500000,0x00000000fe500000,0x0000000100000000)
 ParOldGen       total 189440K, used 37269K [0x00000000e0000000, 0x00000000eb900000, 0x00000000f5580000)
  object space 189440K, 19% used [0x00000000e0000000,0x00000000e2465718,0x00000000eb900000)
 Metaspace       used 73299K, capacity 77061K, committed 77312K, reserved 1116160K
  class space    used 9834K, capacity 10638K, committed 10752K, reserved 1048576K
}
Event: 87.268 GC heap before
{Heap before GC invocations=21 (full 3):
 PSYoungGen      total 146944K, used 137358K [0x00000000f5580000, 0x0000000100000000, 0x0000000100000000)
  eden space 119296K, 100% used [0x00000000f5580000,0x00000000fca00000,0x00000000fca00000)
  from space 27648K, 65% used [0x00000000fca00000,0x00000000fdba3a78,0x00000000fe500000)
  to   space 27648K, 0% used [0x00000000fe500000,0x00000000fe500000,0x0000000100000000)
 ParOldGen       total 189440K, used 37269K [0x00000000e0000000, 0x00000000eb900000, 0x00000000f5580000)
  object space 189440K, 19% used [0x00000000e0000000,0x00000000e2465718,0x00000000eb900000)
 Metaspace       used 73299K, capacity 77061K, committed 77312K, reserved 1116160K
  class space    used 9834K, capacity 10638K, committed 10752K, reserved 1048576K
Event: 87.281 GC heap after
Heap after GC invocations=21 (full 3):
 PSYoungGen      total 146944K, used 18982K [0x00000000f5580000, 0x0000000100000000, 0x0000000100000000)
  eden space 119296K, 0% used [0x00000000f5580000,0x00000000f5580000,0x00000000fca00000)
  from space 27648K, 68% used [0x00000000fe500000,0x00000000ff789a80,0x0000000100000000)
  to   space 27648K, 0% used [0x00000000fca00000,0x00000000fca00000,0x00000000fe500000)
 ParOldGen       total 189440K, used 37277K [0x00000000e0000000, 0x00000000eb900000, 0x00000000f5580000)
  object space 189440K, 19% used [0x00000000e0000000,0x00000000e2467718,0x00000000eb900000)
 Metaspace       used 73299K, capacity 77061K, committed 77312K, reserved 1116160K
  class space    used 9834K, capacity 10638K, committed 10752K, reserved 1048576K
}
Event: 87.922 GC heap before
{Heap before GC invocations=22 (full 3):
 PSYoungGen      total 146944K, used 138278K [0x00000000f5580000, 0x0000000100000000, 0x0000000100000000)
  eden space 119296K, 100% used [0x00000000f5580000,0x00000000fca00000,0x00000000fca00000)
  from space 27648K, 68% used [0x00000000fe500000,0x00000000ff789a80,0x0000000100000000)
  to   space 27648K, 0% used [0x00000000fca00000,0x00000000fca00000,0x00000000fe500000)
 ParOldGen       total 189440K, used 37405K [0x00000000e0000000, 0x00000000eb900000, 0x00000000f5580000)
  object space 189440K, 19% used [0x00000000e0000000,0x00000000e2487628,0x00000000eb900000)
 Metaspace       used 73327K, capacity 77061K, committed 77312K, reserved 1116160K
  class space    used 9835K, capacity 10638K, committed 10752K, reserved 1048576K
Event: 87.949 GC heap after
Heap after GC invocations=22 (full 3):
 PSYoungGen      total 146944K, used 9795K [0x00000000f5580000, 0x0000000100000000, 0x0000000100000000)
  eden space 119296K, 0% used [0x00000000f5580000,0x00000000f5580000,0x00000000fca00000)
  from space 27648K, 35% used [0x00000000fca00000,0x00000000fd390cb0,0x00000000fe500000)
  to   space 27648K, 0% used [0x00000000fe500000,0x00000000fe500000,0x0000000100000000)
 ParOldGen       total 189440K, used 47997K [0x00000000e0000000, 0x00000000eb900000, 0x00000000f5580000)
  object space 189440K, 25% used [0x00000000e0000000,0x00000000e2edf628,0x00000000eb900000)
 Metaspace       used 73327K, capacity 77061K, committed 77312K, reserved 1116160K
  class space    used 9835K, capacity 10638K, committed 10752K, reserved 1048576K
}
Event: 90.058 GC heap before
{Heap before GC invocations=23 (full 3):
 PSYoungGen      total 146944K, used 129091K [0x00000000f5580000, 0x0000000100000000, 0x0000000100000000)
  eden space 119296K, 100% used [0x00000000f5580000,0x00000000fca00000,0x00000000fca00000)
  from space 27648K, 35% used [0x00000000fca00000,0x00000000fd390cb0,0x00000000fe500000)
  to   space 27648K, 0% used [0x00000000fe500000,0x00000000fe500000,0x0000000100000000)
 ParOldGen       total 189440K, used 48001K [0x00000000e0000000, 0x00000000eb900000, 0x00000000f5580000)
  object space 189440K, 25% used [0x00000000e0000000,0x00000000e2ee0400,0x00000000eb900000)
 Metaspace       used 73329K, capacity 77061K, committed 77312K, reserved 1116160K
  class space    used 9835K, capacity 10638K, committed 10752K, reserved 1048576K
Event: 90.079 GC heap after
Heap after GC invocations=23 (full 3):
 PSYoungGen      total 144896K, used 736K [0x00000000f5580000, 0x0000000100000000, 0x0000000100000000)
  eden space 117248K, 0% used [0x00000000f5580000,0x00000000f5580000,0x00000000fc800000)
  from space 27648K, 2% used [0x00000000fe500000,0x00000000fe5b8000,0x0000000100000000)
  to   space 28672K, 0% used [0x00000000fc800000,0x00000000fc800000,0x00000000fe400000)
 ParOldGen       total 189440K, used 54939K [0x00000000e0000000, 0x00000000eb900000, 0x00000000f5580000)
  object space 189440K, 29% used [0x00000000e0000000,0x00000000e35a6f10,0x00000000eb900000)
 Metaspace       used 73329K, capacity 77061K, committed 77312K, reserved 1116160K
  class space    used 9835K, capacity 10638K, committed 10752K, reserved 1048576K
}
Event: 92.137 GC heap before
{Heap before GC invocations=24 (full 3):
 PSYoungGen      total 144896K, used 117984K [0x00000000f5580000, 0x0000000100000000, 0x0000000100000000)
  eden space 117248K, 100% used [0x00000000f5580000,0x00000000fc800000,0x00000000fc800000)
  from space 27648K, 2% used [0x00000000fe500000,0x00000000fe5b8000,0x0000000100000000)
  to   space 28672K, 0% used [0x00000000fc800000,0x00000000fc800000,0x00000000fe400000)
 ParOldGen       total 189440K, used 54939K [0x00000000e0000000, 0x00000000eb900000, 0x00000000f5580000)
  object space 189440K, 29% used [0x00000000e0000000,0x00000000e35a6f10,0x00000000eb900000)
 Metaspace       used 73339K, capacity 77061K, committed 77312K, reserved 1116160K
  class space    used 9835K, capacity 10638K, committed 10752K, reserved 1048576K
Event: 92.148 GC heap after
Heap after GC invocations=24 (full 3):
 PSYoungGen      total 118272K, used 864K [0x00000000f5580000, 0x0000000100000000, 0x0000000100000000)
  eden space 117248K, 0% used [0x00000000f5580000,0x00000000f5580000,0x00000000fc800000)
  from space 1024K, 84% used [0x00000000fc800000,0x00000000fc8d8000,0x00000000fc900000)
  to   space 29696K, 0% used [0x00000000fe300000,0x00000000fe300000,0x0000000100000000)
 ParOldGen       total 189440K, used 55195K [0x00000000e0000000, 0x00000000eb900000, 0x00000000f5580000)
  object space 189440K, 29% used [0x00000000e0000000,0x00000000e35e6f10,0x00000000eb900000)
 Metaspace       used 73339K, capacity 77061K, committed 77312K, reserved 1116160K
  class space    used 9835K, capacity 10638K, committed 10752K, reserved 1048576K
}

