# JRE version: OpenJDK Runtime Environment (8.0_302-b08) (build 1.8.0_302-b08)
# Java VM: OpenJDK 64-Bit Server VM (25.302-b08 mixed mode windows-amd64 compressed oops)
Heap:
 PSYoungGen      total 126976K, used 107629K [0x00000000f5580000, 0x00000000fff80000, 0x0000000100000000)
  eden space 80896K, 100% used [0x00000000f5580000,0x00000000fa480000,0x00000000fa480000)
  from space 46080K, 58% used [0x00000000fa480000,0x00000000fbe9b528,0x00000000fd180000)
  to   space 45568K, 34% used [0x00000000fd300000,0x00000000fe2301e8,0x00000000fff80000)
 ParOldGen       total 349696K, used 89898K [0x00000000e0000000, 0x00000000f5580000, 0x00000000f5580000)
  object space 349696K, 25% used [0x00000000e0000000,0x00000000e57ca9e8,0x00000000f5580000)
 Metaspace       used 108339K, capacity 113659K, committed 113792K, reserved 1148928K
  class space    used 14133K, capacity 15189K, committed 15232K, reserved 1048576K
GC Heap History (10 events):
Event: 94.358 GC heap after
Heap after GC invocations=51 (full 4):
 PSYoungGen      total 114688K, used 30169K [0x00000000f5580000, 0x0000000100000000, 0x0000000100000000)
  eden space 84480K, 0% used [0x00000000f5580000,0x00000000f5580000,0x00000000fa800000)
  from space 30208K, 99% used [0x00000000fa800000,0x00000000fc5765d0,0x00000000fc580000)
  to   space 47104K, 0% used [0x00000000fd200000,0x00000000fd200000,0x0000000100000000)
 ParOldGen       total 349696K, used 80997K [0x00000000e0000000, 0x00000000f5580000, 0x00000000f5580000)
  object space 349696K, 23% used [0x00000000e0000000,0x00000000e4f19640,0x00000000f5580000)
 Metaspace       used 106433K, capacity 111701K, committed 112000K, reserved 1146880K
  class space    used 13890K, capacity 14890K, committed 14976K, reserved 1048576K
}
Event: 94.693 GC heap before
{Heap before GC invocations=52 (full 4):
 PSYoungGen      total 114688K, used 114649K [0x00000000f5580000, 0x0000000100000000, 0x0000000100000000)
  eden space 84480K, 100% used [0x00000000f5580000,0x00000000fa800000,0x00000000fa800000)
  from space 30208K, 99% used [0x00000000fa800000,0x00000000fc5765d0,0x00000000fc580000)
  to   space 47104K, 0% used [0x00000000fd200000,0x00000000fd200000,0x0000000100000000)
 ParOldGen       total 349696K, used 80997K [0x00000000e0000000, 0x00000000f5580000, 0x00000000f5580000)
  object space 349696K, 23% used [0x00000000e0000000,0x00000000e4f19640,0x00000000f5580000)
 Metaspace       used 106444K, capacity 111701K, committed 112000K, reserved 1146880K
  class space    used 13890K, capacity 14890K, committed 14976K, reserved 1048576K
Event: 94.720 GC heap after
Heap after GC invocations=52 (full 4):
 PSYoungGen      total 128000K, used 25710K [0x00000000f5580000, 0x0000000100000000, 0x0000000100000000)
  eden space 80896K, 0% used [0x00000000f5580000,0x00000000f5580000,0x00000000fa480000)
  from space 47104K, 54% used [0x00000000fd200000,0x00000000feb1ba10,0x0000000100000000)
  to   space 46592K, 0% used [0x00000000fa480000,0x00000000fa480000,0x00000000fd200000)
 ParOldGen       total 349696K, used 81005K [0x00000000e0000000, 0x00000000f5580000, 0x00000000f5580000)
  object space 349696K, 23% used [0x00000000e0000000,0x00000000e4f1b640,0x00000000f5580000)
 Metaspace       used 106444K, capacity 111701K, committed 112000K, reserved 1146880K
  class space    used 13890K, capacity 14890K, committed 14976K, reserved 1048576K
}
Event: 95.074 GC heap before
{Heap before GC invocations=53 (full 4):
 PSYoungGen      total 128000K, used 106606K [0x00000000f5580000, 0x0000000100000000, 0x0000000100000000)
  eden space 80896K, 100% used [0x00000000f5580000,0x00000000fa480000,0x00000000fa480000)
  from space 47104K, 54% used [0x00000000fd200000,0x00000000feb1ba10,0x0000000100000000)
  to   space 46592K, 0% used [0x00000000fa480000,0x00000000fa480000,0x00000000fd200000)
 ParOldGen       total 349696K, used 81005K [0x00000000e0000000, 0x00000000f5580000, 0x00000000f5580000)
  object space 349696K, 23% used [0x00000000e0000000,0x00000000e4f1b640,0x00000000f5580000)
 Metaspace       used 106460K, capacity 111701K, committed 112000K, reserved 1146880K
  class space    used 13890K, capacity 14890K, committed 14976K, reserved 1048576K
Event: 95.094 GC heap after
Heap after GC invocations=53 (full 4):
 PSYoungGen      total 127488K, used 28615K [0x00000000f5580000, 0x0000000100000000, 0x0000000100000000)
  eden space 80896K, 0% used [0x00000000f5580000,0x00000000f5580000,0x00000000fa480000)
  from space 46592K, 61% used [0x00000000fa480000,0x00000000fc071ea0,0x00000000fd200000)
  to   space 47104K, 0% used [0x00000000fd200000,0x00000000fd200000,0x0000000100000000)
 ParOldGen       total 349696K, used 81013K [0x00000000e0000000, 0x00000000f5580000, 0x00000000f5580000)
  object space 349696K, 23% used [0x00000000e0000000,0x00000000e4f1d640,0x00000000f5580000)
 Metaspace       used 106460K, capacity 111701K, committed 112000K, reserved 1146880K
  class space    used 13890K, capacity 14890K, committed 14976K, reserved 1048576K
}
Event: 95.369 GC heap before
{Heap before GC invocations=54 (full 4):
 PSYoungGen      total 127488K, used 109511K [0x00000000f5580000, 0x0000000100000000, 0x0000000100000000)
  eden space 80896K, 100% used [0x00000000f5580000,0x00000000fa480000,0x00000000fa480000)
  from space 46592K, 61% used [0x00000000fa480000,0x00000000fc071ea0,0x00000000fd200000)
  to   space 47104K, 0% used [0x00000000fd200000,0x00000000fd200000,0x0000000100000000)
 ParOldGen       total 349696K, used 81013K [0x00000000e0000000, 0x00000000f5580000, 0x00000000f5580000)
  object space 349696K, 23% used [0x00000000e0000000,0x00000000e4f1d640,0x00000000f5580000)
 Metaspace       used 106474K, capacity 111701K, committed 112000K, reserved 1146880K
  class space    used 13890K, capacity 14890K, committed 14976K, reserved 1048576K
Event: 95.392 GC heap after
Heap after GC invocations=54 (full 4):
 PSYoungGen      total 126464K, used 25949K [0x00000000f5580000, 0x00000000ffe80000, 0x0000000100000000)
  eden space 80896K, 0% used [0x00000000f5580000,0x00000000f5580000,0x00000000fa480000)
  from space 45568K, 56% used [0x00000000fd200000,0x00000000feb57660,0x00000000ffe80000)
  to   space 46080K, 0% used [0x00000000fa480000,0x00000000fa480000,0x00000000fd180000)
 ParOldGen       total 349696K, used 81021K [0x00000000e0000000, 0x00000000f5580000, 0x00000000f5580000)
  object space 349696K, 23% used [0x00000000e0000000,0x00000000e4f1f640,0x00000000f5580000)
 Metaspace       used 106474K, capacity 111701K, committed 112000K, reserved 1146880K
  class space    used 13890K, capacity 14890K, committed 14976K, reserved 1048576K
}
Event: 96.751 GC heap before
{Heap before GC invocations=55 (full 4):
 PSYoungGen      total 126464K, used 106841K [0x00000000f5580000, 0x00000000ffe80000, 0x0000000100000000)
  eden space 80896K, 99% used [0x00000000f5580000,0x00000000fa47ee60,0x00000000fa480000)
  from space 45568K, 56% used [0x00000000fd200000,0x00000000feb57660,0x00000000ffe80000)
  to   space 46080K, 0% used [0x00000000fa480000,0x00000000fa480000,0x00000000fd180000)
 ParOldGen       total 349696K, used 81021K [0x00000000e0000000, 0x00000000f5580000, 0x00000000f5580000)
  object space 349696K, 23% used [0x00000000e0000000,0x00000000e4f1f640,0x00000000f5580000)
 Metaspace       used 108337K, capacity 113659K, committed 113792K, reserved 1148928K
  class space    used 14133K, capacity 15189K, committed 15232K, reserved 1048576K
Event: 96.768 GC heap after
Heap after GC invocations=55 (full 4):
 PSYoungGen      total 126976K, used 26733K [0x00000000f5580000, 0x00000000fff80000, 0x0000000100000000)
  eden space 80896K, 0% used [0x00000000f5580000,0x00000000f5580000,0x00000000fa480000)
  from space 46080K, 58% used [0x00000000fa480000,0x00000000fbe9b528,0x00000000fd180000)
  to   space 45568K, 0% used [0x00000000fd300000,0x00000000fd300000,0x00000000fff80000)
 ParOldGen       total 349696K, used 81029K [0x00000000e0000000, 0x00000000f5580000, 0x00000000f5580000)
  object space 349696K, 23% used [0x00000000e0000000,0x00000000e4f21640,0x00000000f5580000)
 Metaspace       used 108337K, capacity 113659K, committed 113792K, reserved 1148928K
  class space    used 14133K, capacity 15189K, committed 15232K, reserved 1048576K
}
Event: 97.940 GC heap before
{Heap before GC invocations=56 (full 4):
 PSYoungGen      total 126976K, used 107629K [0x00000000f5580000, 0x00000000fff80000, 0x0000000100000000)
  eden space 80896K, 100% used [0x00000000f5580000,0x00000000fa480000,0x00000000fa480000)
  from space 46080K, 58% used [0x00000000fa480000,0x00000000fbe9b528,0x00000000fd180000)
  to   space 45568K, 0% used [0x00000000fd300000,0x00000000fd300000,0x00000000fff80000)
 ParOldGen       total 349696K, used 81029K [0x00000000e0000000, 0x00000000f5580000, 0x00000000f5580000)
  object space 349696K, 23% used [0x00000000e0000000,0x00000000e4f21640,0x00000000f5580000)
 Metaspace       used 108339K, capacity 113659K, committed 113792K, reserved 1148928K
  class space    used 14133K, capacity 15189K, committed 15232K, reserved 1048576K

